2023-05-19 11:05:293 INFO  Homepage :34 - Buy sell tab : [[ChromeDriver: chrome on WINDOWS (d373374a3e0097c26a006d7f128c04a4)] -> xpath: //a[contains(text(),'buy + sell')]]
2023-05-19 11:05:497 INFO  Homepage :39 - Click on search cars : [[ChromeDriver: chrome on WINDOWS (d373374a3e0097c26a006d7f128c04a4)] -> xpath: //a[contains(text(),'Search Cars')]]
2023-05-19 11:05:978 INFO  NewAndUsedCarPage :70 - Verify text: [[ChromeDriver: chrome on WINDOWS (d373374a3e0097c26a006d7f128c04a4)] -> xpath: //h1[contains(text(),'New & Used Car Search - carsguide')]]
2023-05-19 11:05:511 INFO  NewAndUsedCarPage :45 - Select make : [[ChromeDriver: chrome on WINDOWS (d373374a3e0097c26a006d7f128c04a4)] -> xpath: //select[@id='makes']]
2023-05-19 11:05:804 INFO  NewAndUsedCarPage :50 - Select model : [[ChromeDriver: chrome on WINDOWS (d373374a3e0097c26a006d7f128c04a4)] -> xpath: //select[@id='models']]
2023-05-19 11:05:113 INFO  NewAndUsedCarPage :55 - Select location: [[ChromeDriver: chrome on WINDOWS (d373374a3e0097c26a006d7f128c04a4)] -> xpath: //select[@id='locations']]
2023-05-19 11:05:288 INFO  NewAndUsedCarPage :60 - Select location: [[ChromeDriver: chrome on WINDOWS (d373374a3e0097c26a006d7f128c04a4)] -> xpath: //select[@id='locations']]
2023-05-19 11:05:475 INFO  NewAndUsedCarPage :65 - Find My Next Car: [[ChromeDriver: chrome on WINDOWS (d373374a3e0097c26a006d7f128c04a4)] -> xpath: //select[@id='locations']]
2023-05-19 11:05:884 INFO  Homepage :34 - Buy sell tab : [[ChromeDriver: chrome on WINDOWS (78ac2de256f7a1106446a0ae0af30a85)] -> xpath: //a[contains(text(),'buy + sell')]]
2023-05-19 11:05:843 INFO  Homepage :39 - Click on search cars : [[ChromeDriver: chrome on WINDOWS (78ac2de256f7a1106446a0ae0af30a85)] -> xpath: //a[contains(text(),'Search Cars')]]
2023-05-19 11:05:989 INFO  NewAndUsedCarPage :70 - Verify text: [[ChromeDriver: chrome on WINDOWS (78ac2de256f7a1106446a0ae0af30a85)] -> xpath: //h1[contains(text(),'New & Used Car Search - carsguide')]]
2023-05-19 11:05:149 INFO  NewAndUsedCarPage :45 - Select make : [[ChromeDriver: chrome on WINDOWS (78ac2de256f7a1106446a0ae0af30a85)] -> xpath: //select[@id='makes']]
2023-05-19 11:05:280 INFO  NewAndUsedCarPage :50 - Select model : [[ChromeDriver: chrome on WINDOWS (78ac2de256f7a1106446a0ae0af30a85)] -> xpath: //select[@id='models']]
2023-05-19 11:05:642 INFO  NewAndUsedCarPage :55 - Select location: [[ChromeDriver: chrome on WINDOWS (78ac2de256f7a1106446a0ae0af30a85)] -> xpath: //select[@id='locations']]
2023-05-19 11:05:735 INFO  NewAndUsedCarPage :60 - Select location: [[ChromeDriver: chrome on WINDOWS (78ac2de256f7a1106446a0ae0af30a85)] -> xpath: //select[@id='locations']]
2023-05-19 11:05:861 INFO  NewAndUsedCarPage :65 - Find My Next Car: [[ChromeDriver: chrome on WINDOWS (78ac2de256f7a1106446a0ae0af30a85)] -> xpath: //select[@id='locations']]
2023-05-19 11:05:374 INFO  Homepage :34 - Buy sell tab : [[ChromeDriver: chrome on WINDOWS (50d26d5dcbd4efde63618e9cfed5437a)] -> xpath: //a[contains(text(),'buy + sell')]]
2023-05-19 11:05:700 INFO  Homepage :39 - Click on search cars : [[ChromeDriver: chrome on WINDOWS (50d26d5dcbd4efde63618e9cfed5437a)] -> xpath: //a[contains(text(),'Search Cars')]]
2023-05-19 11:05:552 INFO  NewAndUsedCarPage :70 - Verify text: [[ChromeDriver: chrome on WINDOWS (50d26d5dcbd4efde63618e9cfed5437a)] -> xpath: //h1[contains(text(),'New & Used Car Search - carsguide')]]
2023-05-19 11:05:591 INFO  NewAndUsedCarPage :45 - Select make : [[ChromeDriver: chrome on WINDOWS (50d26d5dcbd4efde63618e9cfed5437a)] -> xpath: //select[@id='makes']]
2023-05-19 11:05:714 INFO  NewAndUsedCarPage :50 - Select model : [[ChromeDriver: chrome on WINDOWS (50d26d5dcbd4efde63618e9cfed5437a)] -> xpath: //select[@id='models']]
2023-05-19 11:05:00 INFO  NewAndUsedCarPage :55 - Select location: [[ChromeDriver: chrome on WINDOWS (50d26d5dcbd4efde63618e9cfed5437a)] -> xpath: //select[@id='locations']]
2023-05-19 11:05:123 INFO  NewAndUsedCarPage :60 - Select location: [[ChromeDriver: chrome on WINDOWS (50d26d5dcbd4efde63618e9cfed5437a)] -> xpath: //select[@id='locations']]
2023-05-19 11:05:258 INFO  NewAndUsedCarPage :65 - Find My Next Car: [[ChromeDriver: chrome on WINDOWS (50d26d5dcbd4efde63618e9cfed5437a)] -> xpath: //select[@id='locations']]
2023-05-19 11:05:704 INFO  Homepage :34 - Buy sell tab : [[ChromeDriver: chrome on WINDOWS (f427231054c35e73702305669075732f)] -> xpath: //a[contains(text(),'buy + sell')]]
2023-05-19 11:05:843 INFO  Homepage :39 - Click on search cars : [[ChromeDriver: chrome on WINDOWS (f427231054c35e73702305669075732f)] -> xpath: //a[contains(text(),'Search Cars')]]
2023-05-19 11:05:16 INFO  NewAndUsedCarPage :70 - Verify text: [[ChromeDriver: chrome on WINDOWS (f427231054c35e73702305669075732f)] -> xpath: //h1[contains(text(),'New & Used Car Search - carsguide')]]
2023-05-19 11:05:308 INFO  NewAndUsedCarPage :45 - Select make : [[ChromeDriver: chrome on WINDOWS (f427231054c35e73702305669075732f)] -> xpath: //select[@id='makes']]
2023-05-19 11:05:498 INFO  NewAndUsedCarPage :50 - Select model : [[ChromeDriver: chrome on WINDOWS (f427231054c35e73702305669075732f)] -> xpath: //select[@id='models']]
2023-05-19 11:05:648 INFO  NewAndUsedCarPage :55 - Select location: [[ChromeDriver: chrome on WINDOWS (f427231054c35e73702305669075732f)] -> xpath: //select[@id='locations']]
2023-05-19 11:05:766 INFO  NewAndUsedCarPage :60 - Select location: [[ChromeDriver: chrome on WINDOWS (f427231054c35e73702305669075732f)] -> xpath: //select[@id='locations']]
2023-05-19 11:05:915 INFO  NewAndUsedCarPage :65 - Find My Next Car: [[ChromeDriver: chrome on WINDOWS (f427231054c35e73702305669075732f)] -> xpath: //select[@id='locations']]
2023-05-19 11:05:756 INFO  Homepage :34 - Buy sell tab : [[ChromeDriver: chrome on WINDOWS (d1b0934f2fccfef61a12e6a532a1fc69)] -> xpath: //a[contains(text(),'buy + sell')]]
2023-05-19 11:05:178 INFO  Homepage :39 - Click on search cars : [[ChromeDriver: chrome on WINDOWS (d1b0934f2fccfef61a12e6a532a1fc69)] -> xpath: //a[contains(text(),'Search Cars')]]
2023-05-19 11:05:879 INFO  NewAndUsedCarPage :70 - Verify text: [[ChromeDriver: chrome on WINDOWS (d1b0934f2fccfef61a12e6a532a1fc69)] -> xpath: //h1[contains(text(),'New & Used Car Search - carsguide')]]
2023-05-19 11:05:959 INFO  NewAndUsedCarPage :45 - Select make : [[ChromeDriver: chrome on WINDOWS (d1b0934f2fccfef61a12e6a532a1fc69)] -> xpath: //select[@id='makes']]
2023-05-19 11:05:816 INFO  Homepage :34 - Buy sell tab : [[ChromeDriver: chrome on WINDOWS (914a831a56d253cb6b741aaa664c8900)] -> xpath: //a[contains(text(),'buy + sell')]]
2023-05-19 11:05:662 INFO  Homepage :39 - Click on search cars : [[ChromeDriver: chrome on WINDOWS (914a831a56d253cb6b741aaa664c8900)] -> xpath: //a[contains(text(),'Search Cars')]]
2023-05-19 11:05:29 INFO  Homepage :34 - Buy sell tab : [[ChromeDriver: chrome on WINDOWS (febd657cc5db6e5bf2e0e51e2a8127cc)] -> xpath: //a[contains(text(),'buy + sell')]]
2023-05-19 11:05:197 INFO  Homepage :48 - Click on Find a dealer : [[ChromeDriver: chrome on WINDOWS (febd657cc5db6e5bf2e0e51e2a8127cc)] -> xpath: //a[contains(text(),'Find a Dealer')]]
2023-05-19 11:05:52 INFO  Homepage :34 - Buy sell tab : [[ChromeDriver: chrome on WINDOWS (9843777b94a2b02fd5cae50e445c8d1a)] -> xpath: //a[contains(text(),'buy + sell')]]
2023-05-19 11:05:677 INFO  Homepage :44 - Click on Used cars : [[ChromeDriver: chrome on WINDOWS (9843777b94a2b02fd5cae50e445c8d1a)] -> xpath: //a[normalize-space()='Used']]
2023-05-19 11:05:78 INFO  UsedCarPage :23 - Verify text: [[ChromeDriver: chrome on WINDOWS (9843777b94a2b02fd5cae50e445c8d1a)] -> xpath: //h1[normalize-space()='Used Cars For Sale']]
2023-05-19 11:05:174 INFO  Homepage :34 - Buy sell tab : [[ChromeDriver: chrome on WINDOWS (4436072e22316598769225ae8c28640d)] -> xpath: //a[contains(text(),'buy + sell')]]
2023-05-19 11:05:567 INFO  Homepage :44 - Click on Used cars : [[ChromeDriver: chrome on WINDOWS (4436072e22316598769225ae8c28640d)] -> xpath: //a[normalize-space()='Used']]
2023-05-19 11:05:443 INFO  UsedCarPage :23 - Verify text: [[ChromeDriver: chrome on WINDOWS (4436072e22316598769225ae8c28640d)] -> xpath: //h1[normalize-space()='Used Cars For Sale']]
2023-05-19 11:05:763 INFO  Homepage :34 - Buy sell tab : [[ChromeDriver: chrome on WINDOWS (e1170aff58107b10d3177479cb5653d2)] -> xpath: //a[contains(text(),'buy + sell')]]
2023-05-19 11:05:670 INFO  Homepage :44 - Click on Used cars : [[ChromeDriver: chrome on WINDOWS (e1170aff58107b10d3177479cb5653d2)] -> xpath: //a[normalize-space()='Used']]
2023-05-19 11:05:383 INFO  UsedCarPage :23 - Verify text: [[ChromeDriver: chrome on WINDOWS (e1170aff58107b10d3177479cb5653d2)] -> xpath: //h1[normalize-space()='Used Cars For Sale']]
2023-05-19 11:05:850 INFO  Homepage :34 - Buy sell tab : [[ChromeDriver: chrome on WINDOWS (4a632338661c0ab2b3c3ceb7f0e2d891)] -> xpath: //a[contains(text(),'buy + sell')]]
2023-05-19 11:05:80 INFO  Homepage :44 - Click on Used cars : [[ChromeDriver: chrome on WINDOWS (4a632338661c0ab2b3c3ceb7f0e2d891)] -> xpath: //a[normalize-space()='Used']]
2023-05-19 11:05:882 INFO  UsedCarPage :23 - Verify text: [[ChromeDriver: chrome on WINDOWS (4a632338661c0ab2b3c3ceb7f0e2d891)] -> xpath: //h1[normalize-space()='Used Cars For Sale']]
2023-05-19 11:05:966 INFO  Homepage :34 - Buy sell tab : [[ChromeDriver: chrome on WINDOWS (b382de97bedf3b36c5d302d004c2a95b)] -> xpath: //a[contains(text(),'buy + sell')]]
2023-05-19 11:05:217 INFO  Homepage :39 - Click on search cars : [[ChromeDriver: chrome on WINDOWS (b382de97bedf3b36c5d302d004c2a95b)] -> xpath: //a[contains(text(),'Search Cars')]]
2023-05-19 11:05:94 INFO  NewAndUsedCarPage :70 - Verify text: [[ChromeDriver: chrome on WINDOWS (b382de97bedf3b36c5d302d004c2a95b)] -> xpath: //h1[contains(text(),'New & Used Car Search - carsguide')]]
2023-05-19 11:05:310 INFO  NewAndUsedCarPage :45 - Select make : [[ChromeDriver: chrome on WINDOWS (b382de97bedf3b36c5d302d004c2a95b)] -> xpath: //select[@id='makes']]
2023-05-19 11:05:453 INFO  NewAndUsedCarPage :50 - Select model : [[ChromeDriver: chrome on WINDOWS (b382de97bedf3b36c5d302d004c2a95b)] -> xpath: //select[@id='models']]
2023-05-19 11:05:599 INFO  NewAndUsedCarPage :55 - Select location: [[ChromeDriver: chrome on WINDOWS (b382de97bedf3b36c5d302d004c2a95b)] -> xpath: //select[@id='locations']]
2023-05-19 11:05:719 INFO  NewAndUsedCarPage :60 - Select location: [[ChromeDriver: chrome on WINDOWS (b382de97bedf3b36c5d302d004c2a95b)] -> xpath: //select[@id='locations']]
2023-05-19 11:05:851 INFO  NewAndUsedCarPage :65 - Find My Next Car: [[ChromeDriver: chrome on WINDOWS (b382de97bedf3b36c5d302d004c2a95b)] -> xpath: //select[@id='locations']]
2023-05-19 11:05:361 INFO  Homepage :34 - Buy sell tab : [[ChromeDriver: chrome on WINDOWS (4a7145aad3af88969eaa3a8d25d63d2e)] -> xpath: //a[contains(text(),'buy + sell')]]
2023-05-19 11:05:27 INFO  Homepage :39 - Click on search cars : [[ChromeDriver: chrome on WINDOWS (4a7145aad3af88969eaa3a8d25d63d2e)] -> xpath: //a[contains(text(),'Search Cars')]]
2023-05-19 11:05:78 INFO  NewAndUsedCarPage :70 - Verify text: [[ChromeDriver: chrome on WINDOWS (4a7145aad3af88969eaa3a8d25d63d2e)] -> xpath: //h1[contains(text(),'New & Used Car Search - carsguide')]]
2023-05-19 11:05:433 INFO  NewAndUsedCarPage :45 - Select make : [[ChromeDriver: chrome on WINDOWS (4a7145aad3af88969eaa3a8d25d63d2e)] -> xpath: //select[@id='makes']]
2023-05-19 11:05:693 INFO  NewAndUsedCarPage :50 - Select model : [[ChromeDriver: chrome on WINDOWS (4a7145aad3af88969eaa3a8d25d63d2e)] -> xpath: //select[@id='models']]
2023-05-19 11:05:895 INFO  NewAndUsedCarPage :55 - Select location: [[ChromeDriver: chrome on WINDOWS (4a7145aad3af88969eaa3a8d25d63d2e)] -> xpath: //select[@id='locations']]
2023-05-19 11:05:04 INFO  NewAndUsedCarPage :60 - Select location: [[ChromeDriver: chrome on WINDOWS (4a7145aad3af88969eaa3a8d25d63d2e)] -> xpath: //select[@id='locations']]
2023-05-19 11:05:151 INFO  NewAndUsedCarPage :65 - Find My Next Car: [[ChromeDriver: chrome on WINDOWS (4a7145aad3af88969eaa3a8d25d63d2e)] -> xpath: //select[@id='locations']]
2023-05-19 12:05:405 INFO  Homepage :34 - Buy sell tab : [[ChromeDriver: chrome on WINDOWS (11256ccddb0268d320c2f0766bf08112)] -> xpath: //a[contains(text(),'buy + sell')]]
2023-05-19 12:05:650 INFO  Homepage :48 - Click on Find a dealer : [[ChromeDriver: chrome on WINDOWS (11256ccddb0268d320c2f0766bf08112)] -> xpath: //a[contains(text(),'Find a Dealer')]]
2023-05-19 12:05:30 INFO  Homepage :34 - Buy sell tab : [[ChromeDriver: chrome on WINDOWS (71a83cd3a7b157afc65defcc479a9a68)] -> xpath: //a[contains(text(),'buy + sell')]]
2023-05-19 12:05:415 INFO  Homepage :39 - Click on search cars : [[ChromeDriver: chrome on WINDOWS (71a83cd3a7b157afc65defcc479a9a68)] -> xpath: //a[contains(text(),'Search Cars')]]
2023-05-19 12:05:116 INFO  NewAndUsedCarPage :70 - Verify text: [[ChromeDriver: chrome on WINDOWS (71a83cd3a7b157afc65defcc479a9a68)] -> xpath: //h1[contains(text(),'New & Used Car Search - carsguide')]]
2023-05-19 12:05:153 INFO  NewAndUsedCarPage :45 - Select make : [[ChromeDriver: chrome on WINDOWS (71a83cd3a7b157afc65defcc479a9a68)] -> xpath: //select[@id='makes']]
2023-05-19 12:05:308 INFO  NewAndUsedCarPage :50 - Select model : [[ChromeDriver: chrome on WINDOWS (71a83cd3a7b157afc65defcc479a9a68)] -> xpath: //select[@id='models']]
2023-05-19 12:05:425 INFO  NewAndUsedCarPage :55 - Select location: [[ChromeDriver: chrome on WINDOWS (71a83cd3a7b157afc65defcc479a9a68)] -> xpath: //select[@id='locations']]
2023-05-19 12:05:534 INFO  NewAndUsedCarPage :60 - Select location: [[ChromeDriver: chrome on WINDOWS (71a83cd3a7b157afc65defcc479a9a68)] -> xpath: //select[@id='locations']]
2023-05-19 12:05:682 INFO  NewAndUsedCarPage :65 - Find My Next Car: [[ChromeDriver: chrome on WINDOWS (71a83cd3a7b157afc65defcc479a9a68)] -> xpath: //select[@id='locations']]
2023-05-19 12:05:121 INFO  Homepage :34 - Buy sell tab : [[ChromeDriver: chrome on WINDOWS (caf6cc310b59fb2cb5f46f6d9764e540)] -> xpath: //a[contains(text(),'buy + sell')]]
2023-05-19 12:05:332 INFO  Homepage :39 - Click on search cars : [[ChromeDriver: chrome on WINDOWS (caf6cc310b59fb2cb5f46f6d9764e540)] -> xpath: //a[contains(text(),'Search Cars')]]
2023-05-19 12:05:508 INFO  NewAndUsedCarPage :70 - Verify text: [[ChromeDriver: chrome on WINDOWS (caf6cc310b59fb2cb5f46f6d9764e540)] -> xpath: //h1[contains(text(),'New & Used Car Search - carsguide')]]
2023-05-19 12:05:765 INFO  NewAndUsedCarPage :45 - Select make : [[ChromeDriver: chrome on WINDOWS (caf6cc310b59fb2cb5f46f6d9764e540)] -> xpath: //select[@id='makes']]
2023-05-19 12:05:959 INFO  NewAndUsedCarPage :50 - Select model : [[ChromeDriver: chrome on WINDOWS (caf6cc310b59fb2cb5f46f6d9764e540)] -> xpath: //select[@id='models']]
2023-05-19 12:05:149 INFO  NewAndUsedCarPage :55 - Select location: [[ChromeDriver: chrome on WINDOWS (caf6cc310b59fb2cb5f46f6d9764e540)] -> xpath: //select[@id='locations']]
2023-05-19 12:05:291 INFO  NewAndUsedCarPage :60 - Select location: [[ChromeDriver: chrome on WINDOWS (caf6cc310b59fb2cb5f46f6d9764e540)] -> xpath: //select[@id='locations']]
2023-05-19 12:05:445 INFO  NewAndUsedCarPage :65 - Find My Next Car: [[ChromeDriver: chrome on WINDOWS (caf6cc310b59fb2cb5f46f6d9764e540)] -> xpath: //select[@id='locations']]
2023-05-19 12:05:903 INFO  Homepage :34 - Buy sell tab : [[ChromeDriver: chrome on WINDOWS (15f889456cd19a111ac98757338209c3)] -> xpath: //a[contains(text(),'buy + sell')]]
2023-05-19 12:05:86 INFO  Homepage :39 - Click on search cars : [[ChromeDriver: chrome on WINDOWS (15f889456cd19a111ac98757338209c3)] -> xpath: //a[contains(text(),'Search Cars')]]
2023-05-19 12:05:122 INFO  NewAndUsedCarPage :70 - Verify text: [[ChromeDriver: chrome on WINDOWS (15f889456cd19a111ac98757338209c3)] -> xpath: //h1[contains(text(),'New & Used Car Search - carsguide')]]
2023-05-19 12:05:725 INFO  NewAndUsedCarPage :45 - Select make : [[ChromeDriver: chrome on WINDOWS (15f889456cd19a111ac98757338209c3)] -> xpath: //select[@id='makes']]
2023-05-19 12:05:851 INFO  NewAndUsedCarPage :50 - Select model : [[ChromeDriver: chrome on WINDOWS (15f889456cd19a111ac98757338209c3)] -> xpath: //select[@id='models']]
2023-05-19 12:05:998 INFO  NewAndUsedCarPage :55 - Select location: [[ChromeDriver: chrome on WINDOWS (15f889456cd19a111ac98757338209c3)] -> xpath: //select[@id='locations']]
2023-05-19 12:05:168 INFO  NewAndUsedCarPage :60 - Select location: [[ChromeDriver: chrome on WINDOWS (15f889456cd19a111ac98757338209c3)] -> xpath: //select[@id='locations']]
2023-05-19 12:05:335 INFO  NewAndUsedCarPage :65 - Find My Next Car: [[ChromeDriver: chrome on WINDOWS (15f889456cd19a111ac98757338209c3)] -> xpath: //select[@id='locations']]
2023-05-19 12:05:949 INFO  Homepage :34 - Buy sell tab : [[ChromeDriver: chrome on WINDOWS (428b2db790208e774832c16a68b1b6a8)] -> xpath: //a[contains(text(),'buy + sell')]]
2023-05-19 12:05:464 INFO  Homepage :39 - Click on search cars : [[ChromeDriver: chrome on WINDOWS (428b2db790208e774832c16a68b1b6a8)] -> xpath: //a[contains(text(),'Search Cars')]]
2023-05-19 12:05:131 INFO  NewAndUsedCarPage :70 - Verify text: [[ChromeDriver: chrome on WINDOWS (428b2db790208e774832c16a68b1b6a8)] -> xpath: //h1[contains(text(),'New & Used Car Search - carsguide')]]
2023-05-19 12:05:380 INFO  NewAndUsedCarPage :45 - Select make : [[ChromeDriver: chrome on WINDOWS (428b2db790208e774832c16a68b1b6a8)] -> xpath: //select[@id='makes']]
2023-05-19 12:05:507 INFO  NewAndUsedCarPage :50 - Select model : [[ChromeDriver: chrome on WINDOWS (428b2db790208e774832c16a68b1b6a8)] -> xpath: //select[@id='models']]
2023-05-19 12:05:606 INFO  NewAndUsedCarPage :55 - Select location: [[ChromeDriver: chrome on WINDOWS (428b2db790208e774832c16a68b1b6a8)] -> xpath: //select[@id='locations']]
2023-05-19 12:05:698 INFO  NewAndUsedCarPage :60 - Select location: [[ChromeDriver: chrome on WINDOWS (428b2db790208e774832c16a68b1b6a8)] -> xpath: //select[@id='locations']]
2023-05-19 12:05:800 INFO  NewAndUsedCarPage :65 - Find My Next Car: [[ChromeDriver: chrome on WINDOWS (428b2db790208e774832c16a68b1b6a8)] -> xpath: //select[@id='locations']]
2023-05-19 12:05:459 INFO  Homepage :34 - Buy sell tab : [[ChromeDriver: chrome on WINDOWS (7ccdaefe26f805c0accb067e23565d60)] -> xpath: //a[contains(text(),'buy + sell')]]
2023-05-19 12:05:447 INFO  Homepage :39 - Click on search cars : [[ChromeDriver: chrome on WINDOWS (7ccdaefe26f805c0accb067e23565d60)] -> xpath: //a[contains(text(),'Search Cars')]]
2023-05-19 12:05:831 INFO  NewAndUsedCarPage :70 - Verify text: [[ChromeDriver: chrome on WINDOWS (7ccdaefe26f805c0accb067e23565d60)] -> xpath: //h1[contains(text(),'New & Used Car Search - carsguide')]]
2023-05-19 12:05:180 INFO  NewAndUsedCarPage :45 - Select make : [[ChromeDriver: chrome on WINDOWS (7ccdaefe26f805c0accb067e23565d60)] -> xpath: //select[@id='makes']]
2023-05-19 12:05:799 INFO  Homepage :34 - Buy sell tab : [[ChromeDriver: chrome on WINDOWS (2a00e602ada1d12e5b9b2b00dd3c4423)] -> xpath: //a[contains(text(),'buy + sell')]]
2023-05-19 12:05:580 INFO  Homepage :39 - Click on search cars : [[ChromeDriver: chrome on WINDOWS (2a00e602ada1d12e5b9b2b00dd3c4423)] -> xpath: //a[contains(text(),'Search Cars')]]
2023-05-19 12:05:987 INFO  NewAndUsedCarPage :70 - Verify text: [[ChromeDriver: chrome on WINDOWS (2a00e602ada1d12e5b9b2b00dd3c4423)] -> xpath: //h1[contains(text(),'New & Used Car Search - carsguide')]]
2023-05-19 12:05:17 INFO  NewAndUsedCarPage :45 - Select make : [[ChromeDriver: chrome on WINDOWS (2a00e602ada1d12e5b9b2b00dd3c4423)] -> xpath: //select[@id='makes']]
2023-05-19 12:05:128 INFO  NewAndUsedCarPage :50 - Select model : [[ChromeDriver: chrome on WINDOWS (2a00e602ada1d12e5b9b2b00dd3c4423)] -> xpath: //select[@id='models']]
2023-05-19 12:05:431 INFO  NewAndUsedCarPage :55 - Select location: [[ChromeDriver: chrome on WINDOWS (2a00e602ada1d12e5b9b2b00dd3c4423)] -> xpath: //select[@id='locations']]
2023-05-19 12:05:525 INFO  NewAndUsedCarPage :60 - Select location: [[ChromeDriver: chrome on WINDOWS (2a00e602ada1d12e5b9b2b00dd3c4423)] -> xpath: //select[@id='locations']]
2023-05-19 12:05:661 INFO  NewAndUsedCarPage :65 - Find My Next Car: [[ChromeDriver: chrome on WINDOWS (2a00e602ada1d12e5b9b2b00dd3c4423)] -> xpath: //select[@id='locations']]
2023-05-19 12:05:364 INFO  Homepage :34 - Buy sell tab : [[ChromeDriver: chrome on WINDOWS (6fd342cfe5b51a8dd3c545ed1091ee32)] -> xpath: //a[contains(text(),'buy + sell')]]
2023-05-19 12:05:518 INFO  Homepage :44 - Click on Used cars : [[ChromeDriver: chrome on WINDOWS (6fd342cfe5b51a8dd3c545ed1091ee32)] -> xpath: //a[normalize-space()='Used']]
2023-05-19 12:05:545 INFO  UsedCarPage :23 - Verify text: [[ChromeDriver: chrome on WINDOWS (6fd342cfe5b51a8dd3c545ed1091ee32)] -> xpath: //h1[normalize-space()='Used Cars For Sale']]
2023-05-19 12:05:806 INFO  NewAndUsedCarPage :45 - Select make : [[ChromeDriver: chrome on WINDOWS (6fd342cfe5b51a8dd3c545ed1091ee32)] -> xpath: //select[@id='makes']]
2023-05-19 12:05:983 INFO  NewAndUsedCarPage :50 - Select model : [[ChromeDriver: chrome on WINDOWS (6fd342cfe5b51a8dd3c545ed1091ee32)] -> xpath: //select[@id='models']]
2023-05-19 12:05:99 INFO  NewAndUsedCarPage :55 - Select location: [[ChromeDriver: chrome on WINDOWS (6fd342cfe5b51a8dd3c545ed1091ee32)] -> xpath: //select[@id='locations']]
2023-05-19 12:05:220 INFO  NewAndUsedCarPage :60 - Select location: [[ChromeDriver: chrome on WINDOWS (6fd342cfe5b51a8dd3c545ed1091ee32)] -> xpath: //select[@id='locations']]
2023-05-19 12:05:701 INFO  Homepage :34 - Buy sell tab : [[ChromeDriver: chrome on WINDOWS (b5f095755e6063f76173344048d3cfed)] -> xpath: //a[contains(text(),'buy + sell')]]
2023-05-19 12:05:813 INFO  Homepage :44 - Click on Used cars : [[ChromeDriver: chrome on WINDOWS (b5f095755e6063f76173344048d3cfed)] -> xpath: //a[normalize-space()='Used']]
2023-05-19 12:05:543 INFO  UsedCarPage :23 - Verify text: [[ChromeDriver: chrome on WINDOWS (b5f095755e6063f76173344048d3cfed)] -> xpath: //h1[normalize-space()='Used Cars For Sale']]
2023-05-19 12:05:584 INFO  NewAndUsedCarPage :45 - Select make : [[ChromeDriver: chrome on WINDOWS (b5f095755e6063f76173344048d3cfed)] -> xpath: //select[@id='makes']]
2023-05-19 12:05:718 INFO  NewAndUsedCarPage :50 - Select model : [[ChromeDriver: chrome on WINDOWS (b5f095755e6063f76173344048d3cfed)] -> xpath: //select[@id='models']]
2023-05-19 12:05:860 INFO  NewAndUsedCarPage :55 - Select location: [[ChromeDriver: chrome on WINDOWS (b5f095755e6063f76173344048d3cfed)] -> xpath: //select[@id='locations']]
2023-05-19 12:05:981 INFO  NewAndUsedCarPage :60 - Select location: [[ChromeDriver: chrome on WINDOWS (b5f095755e6063f76173344048d3cfed)] -> xpath: //select[@id='locations']]
2023-05-19 12:05:04 INFO  Homepage :34 - Buy sell tab : Proxy element for: DefaultElementLocator 'By.xpath: //a[contains(text(),'buy + sell')]'
2023-05-19 12:05:268 INFO  Homepage :34 - Buy sell tab : [[ChromeDriver: chrome on WINDOWS (22d90e162eab7bc73e41d07cad36dc0c)] -> xpath: //a[contains(text(),'buy + sell')]]
2023-05-19 12:05:502 INFO  Homepage :44 - Click on Used cars : [[ChromeDriver: chrome on WINDOWS (22d90e162eab7bc73e41d07cad36dc0c)] -> xpath: //a[normalize-space()='Used']]
2023-05-19 12:05:931 INFO  UsedCarPage :23 - Verify text: [[ChromeDriver: chrome on WINDOWS (22d90e162eab7bc73e41d07cad36dc0c)] -> xpath: //h1[normalize-space()='Used Cars For Sale']]
2023-05-19 12:05:760 INFO  NewAndUsedCarPage :45 - Select make : [[ChromeDriver: chrome on WINDOWS (22d90e162eab7bc73e41d07cad36dc0c)] -> xpath: //select[@id='makes']]
2023-05-19 12:05:62 INFO  NewAndUsedCarPage :50 - Select model : [[ChromeDriver: chrome on WINDOWS (22d90e162eab7bc73e41d07cad36dc0c)] -> xpath: //select[@id='models']]
2023-05-19 12:05:272 INFO  NewAndUsedCarPage :55 - Select location: [[ChromeDriver: chrome on WINDOWS (22d90e162eab7bc73e41d07cad36dc0c)] -> xpath: //select[@id='locations']]
2023-05-19 12:05:789 INFO  NewAndUsedCarPage :60 - Select location: [[ChromeDriver: chrome on WINDOWS (22d90e162eab7bc73e41d07cad36dc0c)] -> xpath: //select[@id='locations']]
2023-05-19 12:05:301 INFO  Homepage :34 - Buy sell tab : [[ChromeDriver: chrome on WINDOWS (2580a8327efb408ec07b4603fc52027b)] -> xpath: //a[contains(text(),'buy + sell')]]
2023-05-19 12:05:510 INFO  Homepage :39 - Click on search cars : [[ChromeDriver: chrome on WINDOWS (2580a8327efb408ec07b4603fc52027b)] -> xpath: //a[contains(text(),'Search Cars')]]
2023-05-19 12:05:986 INFO  NewAndUsedCarPage :70 - Verify text: [[ChromeDriver: chrome on WINDOWS (2580a8327efb408ec07b4603fc52027b)] -> xpath: //h1[contains(text(),'New & Used Car Search - carsguide')]]
2023-05-19 12:05:498 INFO  NewAndUsedCarPage :45 - Select make : [[ChromeDriver: chrome on WINDOWS (2580a8327efb408ec07b4603fc52027b)] -> css selector: #makes]
2023-05-19 12:05:803 INFO  NewAndUsedCarPage :50 - Select model : [[ChromeDriver: chrome on WINDOWS (2580a8327efb408ec07b4603fc52027b)] -> css selector: #models]
2023-05-19 12:05:926 INFO  NewAndUsedCarPage :55 - Select location: [[ChromeDriver: chrome on WINDOWS (2580a8327efb408ec07b4603fc52027b)] -> css selector: #locations]
2023-05-19 12:05:27 INFO  NewAndUsedCarPage :60 - Select location: [[ChromeDriver: chrome on WINDOWS (2580a8327efb408ec07b4603fc52027b)] -> css selector: #locations]
2023-05-19 12:05:130 INFO  NewAndUsedCarPage :65 - Find My Next Car: [[ChromeDriver: chrome on WINDOWS (2580a8327efb408ec07b4603fc52027b)] -> css selector: #locations]
2023-05-19 12:05:697 INFO  Homepage :34 - Buy sell tab : [[ChromeDriver: chrome on WINDOWS (aa9465f76552cb704a11dea2d930f5b7)] -> xpath: //a[contains(text(),'buy + sell')]]
2023-05-19 12:05:51 INFO  Homepage :39 - Click on search cars : [[ChromeDriver: chrome on WINDOWS (aa9465f76552cb704a11dea2d930f5b7)] -> xpath: //a[contains(text(),'Search Cars')]]
2023-05-19 12:05:299 INFO  NewAndUsedCarPage :70 - Verify text: [[ChromeDriver: chrome on WINDOWS (aa9465f76552cb704a11dea2d930f5b7)] -> xpath: //h1[contains(text(),'New & Used Car Search - carsguide')]]
2023-05-19 12:05:503 INFO  NewAndUsedCarPage :45 - Select make : [[ChromeDriver: chrome on WINDOWS (aa9465f76552cb704a11dea2d930f5b7)] -> css selector: #makes]
2023-05-19 12:05:673 INFO  NewAndUsedCarPage :50 - Select model : [[ChromeDriver: chrome on WINDOWS (aa9465f76552cb704a11dea2d930f5b7)] -> css selector: #models]
2023-05-19 12:05:777 INFO  NewAndUsedCarPage :55 - Select location: [[ChromeDriver: chrome on WINDOWS (aa9465f76552cb704a11dea2d930f5b7)] -> css selector: #locations]
2023-05-19 12:05:874 INFO  NewAndUsedCarPage :60 - Select location: [[ChromeDriver: chrome on WINDOWS (aa9465f76552cb704a11dea2d930f5b7)] -> css selector: #locations]
2023-05-19 12:05:980 INFO  NewAndUsedCarPage :65 - Find My Next Car: [[ChromeDriver: chrome on WINDOWS (aa9465f76552cb704a11dea2d930f5b7)] -> css selector: #locations]
2023-05-19 12:05:313 INFO  Homepage :34 - Buy sell tab : [[ChromeDriver: chrome on WINDOWS (be8c0ceff76e43bc8d5d918077ef610b)] -> xpath: //a[contains(text(),'buy + sell')]]
2023-05-19 12:05:569 INFO  Homepage :39 - Click on search cars : [[ChromeDriver: chrome on WINDOWS (be8c0ceff76e43bc8d5d918077ef610b)] -> xpath: //a[contains(text(),'Search Cars')]]
2023-05-19 12:05:506 INFO  NewAndUsedCarPage :70 - Verify text: [[ChromeDriver: chrome on WINDOWS (be8c0ceff76e43bc8d5d918077ef610b)] -> xpath: //h1[contains(text(),'New & Used Car Search - carsguide')]]
2023-05-19 12:05:829 INFO  NewAndUsedCarPage :45 - Select make : [[ChromeDriver: chrome on WINDOWS (be8c0ceff76e43bc8d5d918077ef610b)] -> css selector: #makes]
2023-05-19 12:05:948 INFO  NewAndUsedCarPage :50 - Select model : [[ChromeDriver: chrome on WINDOWS (be8c0ceff76e43bc8d5d918077ef610b)] -> css selector: #models]
2023-05-19 12:05:65 INFO  NewAndUsedCarPage :55 - Select location: [[ChromeDriver: chrome on WINDOWS (be8c0ceff76e43bc8d5d918077ef610b)] -> css selector: #locations]
2023-05-19 12:05:166 INFO  NewAndUsedCarPage :60 - Select location: [[ChromeDriver: chrome on WINDOWS (be8c0ceff76e43bc8d5d918077ef610b)] -> css selector: #locations]
2023-05-19 12:05:279 INFO  NewAndUsedCarPage :65 - Find My Next Car: [[ChromeDriver: chrome on WINDOWS (be8c0ceff76e43bc8d5d918077ef610b)] -> css selector: #locations]
2023-05-19 12:05:650 INFO  Homepage :34 - Buy sell tab : [[ChromeDriver: chrome on WINDOWS (4c857de592b8ecb8e2e57ec4300ac240)] -> xpath: //a[contains(text(),'buy + sell')]]
2023-05-19 12:05:897 INFO  Homepage :39 - Click on search cars : [[ChromeDriver: chrome on WINDOWS (4c857de592b8ecb8e2e57ec4300ac240)] -> xpath: //a[contains(text(),'Search Cars')]]
2023-05-19 12:05:914 INFO  NewAndUsedCarPage :70 - Verify text: [[ChromeDriver: chrome on WINDOWS (4c857de592b8ecb8e2e57ec4300ac240)] -> xpath: //h1[contains(text(),'New & Used Car Search - carsguide')]]
2023-05-19 12:05:149 INFO  NewAndUsedCarPage :45 - Select make : [[ChromeDriver: chrome on WINDOWS (4c857de592b8ecb8e2e57ec4300ac240)] -> css selector: #makes]
2023-05-19 12:05:278 INFO  NewAndUsedCarPage :50 - Select model : [[ChromeDriver: chrome on WINDOWS (4c857de592b8ecb8e2e57ec4300ac240)] -> css selector: #models]
2023-05-19 12:05:398 INFO  NewAndUsedCarPage :55 - Select location: [[ChromeDriver: chrome on WINDOWS (4c857de592b8ecb8e2e57ec4300ac240)] -> css selector: #locations]
2023-05-19 12:05:513 INFO  NewAndUsedCarPage :60 - Select location: [[ChromeDriver: chrome on WINDOWS (4c857de592b8ecb8e2e57ec4300ac240)] -> css selector: #locations]
2023-05-19 12:05:627 INFO  NewAndUsedCarPage :65 - Find My Next Car: [[ChromeDriver: chrome on WINDOWS (4c857de592b8ecb8e2e57ec4300ac240)] -> css selector: #locations]
2023-05-19 12:05:606 INFO  Homepage :34 - Buy sell tab : [[ChromeDriver: chrome on WINDOWS (d30c92ec758aea284dae63e3a9162f40)] -> xpath: //a[contains(text(),'buy + sell')]]
2023-05-19 12:05:919 INFO  Homepage :39 - Click on search cars : [[ChromeDriver: chrome on WINDOWS (d30c92ec758aea284dae63e3a9162f40)] -> xpath: //a[contains(text(),'Search Cars')]]
2023-05-19 12:05:61 INFO  NewAndUsedCarPage :70 - Verify text: [[ChromeDriver: chrome on WINDOWS (d30c92ec758aea284dae63e3a9162f40)] -> xpath: //h1[contains(text(),'New & Used Car Search - carsguide')]]
2023-05-19 12:05:297 INFO  NewAndUsedCarPage :45 - Select make : [[ChromeDriver: chrome on WINDOWS (d30c92ec758aea284dae63e3a9162f40)] -> css selector: #makes]
2023-05-19 12:05:415 INFO  NewAndUsedCarPage :50 - Select model : [[ChromeDriver: chrome on WINDOWS (d30c92ec758aea284dae63e3a9162f40)] -> css selector: #models]
2023-05-19 12:05:529 INFO  NewAndUsedCarPage :55 - Select location: [[ChromeDriver: chrome on WINDOWS (d30c92ec758aea284dae63e3a9162f40)] -> css selector: #locations]
2023-05-19 12:05:632 INFO  NewAndUsedCarPage :60 - Select location: [[ChromeDriver: chrome on WINDOWS (d30c92ec758aea284dae63e3a9162f40)] -> css selector: #locations]
2023-05-19 12:05:760 INFO  NewAndUsedCarPage :65 - Find My Next Car: [[ChromeDriver: chrome on WINDOWS (d30c92ec758aea284dae63e3a9162f40)] -> css selector: #locations]
2023-05-19 12:05:624 INFO  Homepage :34 - Buy sell tab : [[ChromeDriver: chrome on WINDOWS (bdcc58da3ef6fc3610bd6b3cd6099817)] -> xpath: //a[contains(text(),'buy + sell')]]
2023-05-19 12:05:836 INFO  Homepage :39 - Click on search cars : [[ChromeDriver: chrome on WINDOWS (bdcc58da3ef6fc3610bd6b3cd6099817)] -> xpath: //a[contains(text(),'Search Cars')]]
2023-05-19 12:05:887 INFO  NewAndUsedCarPage :70 - Verify text: [[ChromeDriver: chrome on WINDOWS (bdcc58da3ef6fc3610bd6b3cd6099817)] -> xpath: //h1[contains(text(),'New & Used Car Search - carsguide')]]
2023-05-19 12:05:829 INFO  NewAndUsedCarPage :45 - Select make : [[ChromeDriver: chrome on WINDOWS (bdcc58da3ef6fc3610bd6b3cd6099817)] -> css selector: #makes]
2023-05-19 12:05:51 INFO  NewAndUsedCarPage :50 - Select model : [[ChromeDriver: chrome on WINDOWS (bdcc58da3ef6fc3610bd6b3cd6099817)] -> css selector: #models]
2023-05-19 12:05:183 INFO  NewAndUsedCarPage :55 - Select location: [[ChromeDriver: chrome on WINDOWS (bdcc58da3ef6fc3610bd6b3cd6099817)] -> css selector: #locations]
2023-05-19 12:05:283 INFO  NewAndUsedCarPage :60 - Select location: [[ChromeDriver: chrome on WINDOWS (bdcc58da3ef6fc3610bd6b3cd6099817)] -> css selector: #locations]
2023-05-19 12:05:380 INFO  NewAndUsedCarPage :65 - Find My Next Car: [[ChromeDriver: chrome on WINDOWS (bdcc58da3ef6fc3610bd6b3cd6099817)] -> css selector: #locations]
2023-05-19 12:05:605 INFO  Homepage :34 - Buy sell tab : [[ChromeDriver: chrome on WINDOWS (1b74b32f3b356f949d64c3572b19129c)] -> xpath: //a[contains(text(),'buy + sell')]]
2023-05-19 12:05:249 INFO  Homepage :44 - Click on Used cars : [[ChromeDriver: chrome on WINDOWS (1b74b32f3b356f949d64c3572b19129c)] -> xpath: //a[normalize-space()='Used']]
2023-05-19 12:05:402 INFO  UsedCarPage :23 - Verify text: [[ChromeDriver: chrome on WINDOWS (1b74b32f3b356f949d64c3572b19129c)] -> xpath: //h1[normalize-space()='Used Cars For Sale']]
2023-05-19 12:05:625 INFO  NewAndUsedCarPage :45 - Select make : [[ChromeDriver: chrome on WINDOWS (1b74b32f3b356f949d64c3572b19129c)] -> css selector: #makes]
2023-05-19 12:05:761 INFO  NewAndUsedCarPage :50 - Select model : [[ChromeDriver: chrome on WINDOWS (1b74b32f3b356f949d64c3572b19129c)] -> css selector: #models]
2023-05-19 12:05:869 INFO  NewAndUsedCarPage :55 - Select location: [[ChromeDriver: chrome on WINDOWS (1b74b32f3b356f949d64c3572b19129c)] -> css selector: #locations]
2023-05-19 12:05:975 INFO  NewAndUsedCarPage :60 - Select location: [[ChromeDriver: chrome on WINDOWS (1b74b32f3b356f949d64c3572b19129c)] -> css selector: #locations]
2023-05-19 12:05:969 INFO  Homepage :34 - Buy sell tab : [[ChromeDriver: chrome on WINDOWS (f7fa157d91a61ff5e56c8122eb60c25e)] -> xpath: //a[contains(text(),'buy + sell')]]
2023-05-19 12:05:866 INFO  Homepage :44 - Click on Used cars : [[ChromeDriver: chrome on WINDOWS (f7fa157d91a61ff5e56c8122eb60c25e)] -> xpath: //a[normalize-space()='Used']]
2023-05-19 12:05:778 INFO  UsedCarPage :23 - Verify text: [[ChromeDriver: chrome on WINDOWS (f7fa157d91a61ff5e56c8122eb60c25e)] -> xpath: //h1[normalize-space()='Used Cars For Sale']]
2023-05-19 12:05:870 INFO  NewAndUsedCarPage :45 - Select make : [[ChromeDriver: chrome on WINDOWS (f7fa157d91a61ff5e56c8122eb60c25e)] -> css selector: #makes]
2023-05-19 12:05:69 INFO  NewAndUsedCarPage :50 - Select model : [[ChromeDriver: chrome on WINDOWS (f7fa157d91a61ff5e56c8122eb60c25e)] -> css selector: #models]
2023-05-19 12:05:202 INFO  NewAndUsedCarPage :55 - Select location: [[ChromeDriver: chrome on WINDOWS (f7fa157d91a61ff5e56c8122eb60c25e)] -> css selector: #locations]
2023-05-19 12:05:318 INFO  NewAndUsedCarPage :60 - Select location: [[ChromeDriver: chrome on WINDOWS (f7fa157d91a61ff5e56c8122eb60c25e)] -> css selector: #locations]
2023-05-19 12:05:56 INFO  Homepage :34 - Buy sell tab : [[ChromeDriver: chrome on WINDOWS (ca3d77b7a1a5764e73b0dde7d480f58f)] -> xpath: //a[contains(text(),'buy + sell')]]
2023-05-19 12:05:997 INFO  Homepage :44 - Click on Used cars : [[ChromeDriver: chrome on WINDOWS (ca3d77b7a1a5764e73b0dde7d480f58f)] -> xpath: //a[normalize-space()='Used']]
2023-05-19 12:05:25 INFO  UsedCarPage :23 - Verify text: [[ChromeDriver: chrome on WINDOWS (ca3d77b7a1a5764e73b0dde7d480f58f)] -> xpath: //h1[normalize-space()='Used Cars For Sale']]
2023-05-19 12:05:86 INFO  NewAndUsedCarPage :45 - Select make : [[ChromeDriver: chrome on WINDOWS (ca3d77b7a1a5764e73b0dde7d480f58f)] -> css selector: #makes]
2023-05-19 12:05:375 INFO  NewAndUsedCarPage :50 - Select model : [[ChromeDriver: chrome on WINDOWS (ca3d77b7a1a5764e73b0dde7d480f58f)] -> css selector: #models]
2023-05-19 12:05:491 INFO  NewAndUsedCarPage :55 - Select location: [[ChromeDriver: chrome on WINDOWS (ca3d77b7a1a5764e73b0dde7d480f58f)] -> css selector: #locations]
2023-05-19 12:05:597 INFO  NewAndUsedCarPage :60 - Select location: [[ChromeDriver: chrome on WINDOWS (ca3d77b7a1a5764e73b0dde7d480f58f)] -> css selector: #locations]
2023-05-19 12:05:302 INFO  Homepage :34 - Buy sell tab : [[ChromeDriver: chrome on WINDOWS (8f5f478aa4fd49d783f4f25222a1680b)] -> xpath: //a[contains(text(),'buy + sell')]]
2023-05-19 12:05:564 INFO  Homepage :44 - Click on Used cars : [[ChromeDriver: chrome on WINDOWS (8f5f478aa4fd49d783f4f25222a1680b)] -> xpath: //a[normalize-space()='Used']]
2023-05-19 12:05:150 INFO  Homepage :34 - Buy sell tab : [[ChromeDriver: chrome on WINDOWS (17eddc6f51534ad2d37055d4935e565e)] -> xpath: //a[contains(text(),'buy + sell')]]
2023-05-19 12:05:334 INFO  Homepage :39 - Click on search cars : [[ChromeDriver: chrome on WINDOWS (17eddc6f51534ad2d37055d4935e565e)] -> xpath: //a[contains(text(),'Search Cars')]]
2023-05-19 12:05:717 INFO  NewAndUsedCarPage :70 - Verify text: [[ChromeDriver: chrome on WINDOWS (17eddc6f51534ad2d37055d4935e565e)] -> xpath: //h1[contains(text(),'New & Used Car Search - carsguide')]]
2023-05-19 12:05:02 INFO  NewAndUsedCarPage :45 - Select make : [[ChromeDriver: chrome on WINDOWS (17eddc6f51534ad2d37055d4935e565e)] -> css selector: #makes]
2023-05-19 12:05:176 INFO  NewAndUsedCarPage :50 - Select model : [[ChromeDriver: chrome on WINDOWS (17eddc6f51534ad2d37055d4935e565e)] -> css selector: #models]
2023-05-19 12:05:323 INFO  NewAndUsedCarPage :55 - Select location: [[ChromeDriver: chrome on WINDOWS (17eddc6f51534ad2d37055d4935e565e)] -> css selector: #locations]
2023-05-19 12:05:478 INFO  NewAndUsedCarPage :60 - Select location: [[ChromeDriver: chrome on WINDOWS (17eddc6f51534ad2d37055d4935e565e)] -> css selector: #locations]
2023-05-19 12:05:645 INFO  NewAndUsedCarPage :65 - Find My Next Car: [[ChromeDriver: chrome on WINDOWS (17eddc6f51534ad2d37055d4935e565e)] -> css selector: #locations]
2023-05-19 12:05:884 INFO  Homepage :34 - Buy sell tab : [[ChromeDriver: chrome on WINDOWS (c3b8d5590afd1231e8045308baf33ec6)] -> xpath: //a[contains(text(),'buy + sell')]]
2023-05-19 12:05:756 INFO  Homepage :39 - Click on search cars : [[ChromeDriver: chrome on WINDOWS (c3b8d5590afd1231e8045308baf33ec6)] -> xpath: //a[contains(text(),'Search Cars')]]
2023-05-19 12:05:815 INFO  NewAndUsedCarPage :70 - Verify text: [[ChromeDriver: chrome on WINDOWS (c3b8d5590afd1231e8045308baf33ec6)] -> xpath: //h1[contains(text(),'New & Used Car Search - carsguide')]]
2023-05-19 12:05:83 INFO  NewAndUsedCarPage :45 - Select make : [[ChromeDriver: chrome on WINDOWS (c3b8d5590afd1231e8045308baf33ec6)] -> css selector: #makes]
2023-05-19 12:05:239 INFO  NewAndUsedCarPage :50 - Select model : [[ChromeDriver: chrome on WINDOWS (c3b8d5590afd1231e8045308baf33ec6)] -> css selector: #models]
2023-05-19 12:05:384 INFO  NewAndUsedCarPage :55 - Select location: [[ChromeDriver: chrome on WINDOWS (c3b8d5590afd1231e8045308baf33ec6)] -> css selector: #locations]
2023-05-19 12:05:512 INFO  NewAndUsedCarPage :60 - Select location: [[ChromeDriver: chrome on WINDOWS (c3b8d5590afd1231e8045308baf33ec6)] -> css selector: #locations]
2023-05-19 12:05:644 INFO  NewAndUsedCarPage :65 - Find My Next Car: [[ChromeDriver: chrome on WINDOWS (c3b8d5590afd1231e8045308baf33ec6)] -> css selector: #locations]
2023-05-19 12:05:653 INFO  Homepage :34 - Buy sell tab : [[ChromeDriver: chrome on WINDOWS (b9d7caeaff44aa1d3127ba168c898a79)] -> xpath: //a[contains(text(),'buy + sell')]]
2023-05-19 12:05:833 INFO  Homepage :39 - Click on search cars : [[ChromeDriver: chrome on WINDOWS (b9d7caeaff44aa1d3127ba168c898a79)] -> xpath: //a[contains(text(),'Search Cars')]]
2023-05-19 12:05:237 INFO  NewAndUsedCarPage :70 - Verify text: [[ChromeDriver: chrome on WINDOWS (b9d7caeaff44aa1d3127ba168c898a79)] -> xpath: //h1[contains(text(),'New & Used Car Search - carsguide')]]
2023-05-19 12:05:294 INFO  NewAndUsedCarPage :45 - Select make : [[ChromeDriver: chrome on WINDOWS (b9d7caeaff44aa1d3127ba168c898a79)] -> css selector: #makes]
2023-05-19 12:05:498 INFO  NewAndUsedCarPage :50 - Select model : [[ChromeDriver: chrome on WINDOWS (b9d7caeaff44aa1d3127ba168c898a79)] -> css selector: #models]
2023-05-19 12:05:649 INFO  NewAndUsedCarPage :55 - Select location: [[ChromeDriver: chrome on WINDOWS (b9d7caeaff44aa1d3127ba168c898a79)] -> css selector: #locations]
2023-05-19 12:05:809 INFO  NewAndUsedCarPage :60 - Select location: [[ChromeDriver: chrome on WINDOWS (b9d7caeaff44aa1d3127ba168c898a79)] -> css selector: #locations]
2023-05-19 12:05:941 INFO  NewAndUsedCarPage :65 - Find My Next Car: [[ChromeDriver: chrome on WINDOWS (b9d7caeaff44aa1d3127ba168c898a79)] -> css selector: #locations]
2023-05-19 12:05:203 INFO  Homepage :34 - Buy sell tab : [[ChromeDriver: chrome on WINDOWS (b95c5f9543fc98bb28601d72b9d16852)] -> xpath: //a[contains(text(),'buy + sell')]]
2023-05-19 12:05:515 INFO  Homepage :39 - Click on search cars : [[ChromeDriver: chrome on WINDOWS (b95c5f9543fc98bb28601d72b9d16852)] -> xpath: //a[contains(text(),'Search Cars')]]
2023-05-19 12:05:445 INFO  NewAndUsedCarPage :70 - Verify text: [[ChromeDriver: chrome on WINDOWS (b95c5f9543fc98bb28601d72b9d16852)] -> xpath: //h1[contains(text(),'New & Used Car Search - carsguide')]]
2023-05-19 12:05:652 INFO  NewAndUsedCarPage :45 - Select make : [[ChromeDriver: chrome on WINDOWS (b95c5f9543fc98bb28601d72b9d16852)] -> css selector: #makes]
2023-05-19 12:05:746 INFO  NewAndUsedCarPage :50 - Select model : [[ChromeDriver: chrome on WINDOWS (b95c5f9543fc98bb28601d72b9d16852)] -> css selector: #models]
2023-05-19 12:05:841 INFO  NewAndUsedCarPage :55 - Select location: [[ChromeDriver: chrome on WINDOWS (b95c5f9543fc98bb28601d72b9d16852)] -> css selector: #locations]
2023-05-19 12:05:943 INFO  NewAndUsedCarPage :60 - Select location: [[ChromeDriver: chrome on WINDOWS (b95c5f9543fc98bb28601d72b9d16852)] -> css selector: #locations]
2023-05-19 12:05:43 INFO  NewAndUsedCarPage :65 - Find My Next Car: [[ChromeDriver: chrome on WINDOWS (b95c5f9543fc98bb28601d72b9d16852)] -> css selector: #locations]
2023-05-19 12:05:15 INFO  Homepage :34 - Buy sell tab : [[ChromeDriver: chrome on WINDOWS (34f8d420caf2a3fa9e3af6eacce9e504)] -> xpath: //a[contains(text(),'buy + sell')]]
2023-05-19 12:05:214 INFO  Homepage :39 - Click on search cars : [[ChromeDriver: chrome on WINDOWS (34f8d420caf2a3fa9e3af6eacce9e504)] -> xpath: //a[contains(text(),'Search Cars')]]
2023-05-19 12:05:03 INFO  NewAndUsedCarPage :70 - Verify text: [[ChromeDriver: chrome on WINDOWS (34f8d420caf2a3fa9e3af6eacce9e504)] -> xpath: //h1[contains(text(),'New & Used Car Search - carsguide')]]
2023-05-19 12:05:183 INFO  NewAndUsedCarPage :45 - Select make : [[ChromeDriver: chrome on WINDOWS (34f8d420caf2a3fa9e3af6eacce9e504)] -> css selector: #makes]
2023-05-19 12:05:445 INFO  NewAndUsedCarPage :50 - Select model : [[ChromeDriver: chrome on WINDOWS (34f8d420caf2a3fa9e3af6eacce9e504)] -> css selector: #models]
2023-05-19 12:05:547 INFO  NewAndUsedCarPage :55 - Select location: [[ChromeDriver: chrome on WINDOWS (34f8d420caf2a3fa9e3af6eacce9e504)] -> css selector: #locations]
2023-05-19 12:05:632 INFO  NewAndUsedCarPage :60 - Select location: [[ChromeDriver: chrome on WINDOWS (34f8d420caf2a3fa9e3af6eacce9e504)] -> css selector: #locations]
2023-05-19 12:05:741 INFO  NewAndUsedCarPage :65 - Find My Next Car: [[ChromeDriver: chrome on WINDOWS (34f8d420caf2a3fa9e3af6eacce9e504)] -> css selector: #locations]
2023-05-19 12:05:537 INFO  Homepage :34 - Buy sell tab : [[ChromeDriver: chrome on WINDOWS (6d3da3da8d5157f58a881b3d7e07ba7f)] -> xpath: //a[contains(text(),'buy + sell')]]
2023-05-19 12:05:813 INFO  Homepage :39 - Click on search cars : [[ChromeDriver: chrome on WINDOWS (6d3da3da8d5157f58a881b3d7e07ba7f)] -> xpath: //a[contains(text(),'Search Cars')]]
2023-05-19 12:05:539 INFO  NewAndUsedCarPage :70 - Verify text: [[ChromeDriver: chrome on WINDOWS (6d3da3da8d5157f58a881b3d7e07ba7f)] -> xpath: //h1[contains(text(),'New & Used Car Search - carsguide')]]
2023-05-19 12:05:868 INFO  NewAndUsedCarPage :45 - Select make : [[ChromeDriver: chrome on WINDOWS (6d3da3da8d5157f58a881b3d7e07ba7f)] -> css selector: #makes]
2023-05-19 12:05:120 INFO  NewAndUsedCarPage :50 - Select model : [[ChromeDriver: chrome on WINDOWS (6d3da3da8d5157f58a881b3d7e07ba7f)] -> css selector: #models]
2023-05-19 12:05:232 INFO  NewAndUsedCarPage :55 - Select location: [[ChromeDriver: chrome on WINDOWS (6d3da3da8d5157f58a881b3d7e07ba7f)] -> css selector: #locations]
2023-05-19 12:05:343 INFO  NewAndUsedCarPage :60 - Select location: [[ChromeDriver: chrome on WINDOWS (6d3da3da8d5157f58a881b3d7e07ba7f)] -> css selector: #locations]
2023-05-19 12:05:485 INFO  NewAndUsedCarPage :65 - Find My Next Car: [[ChromeDriver: chrome on WINDOWS (6d3da3da8d5157f58a881b3d7e07ba7f)] -> css selector: #locations]
